{"/Users/andreikhanau/Desktop/frontend-project-lvl2/src/index.js": {"path":"/Users/andreikhanau/Desktop/frontend-project-lvl2/src/index.js","statementMap":{"0":{"start":{"line":1,"column":0},"end":{"line":1,"column":20}},"1":{"start":{"line":2,"column":0},"end":{"line":2,"column":23}},"2":{"start":{"line":3,"column":0},"end":{"line":3,"column":0}},"3":{"start":{"line":4,"column":0},"end":{"line":4,"column":73}},"4":{"start":{"line":5,"column":0},"end":{"line":5,"column":39}},"5":{"start":{"line":6,"column":0},"end":{"line":6,"column":61}},"6":{"start":{"line":7,"column":0},"end":{"line":7,"column":20}},"7":{"start":{"line":8,"column":0},"end":{"line":8,"column":29}},"8":{"start":{"line":9,"column":0},"end":{"line":9,"column":36}},"9":{"start":{"line":10,"column":0},"end":{"line":10,"column":52}},"10":{"start":{"line":11,"column":0},"end":{"line":11,"column":5}},"11":{"start":{"line":12,"column":0},"end":{"line":12,"column":29}},"12":{"start":{"line":13,"column":0},"end":{"line":13,"column":52}},"13":{"start":{"line":14,"column":0},"end":{"line":14,"column":5}},"14":{"start":{"line":15,"column":0},"end":{"line":15,"column":29}},"15":{"start":{"line":16,"column":0},"end":{"line":16,"column":52}},"16":{"start":{"line":17,"column":0},"end":{"line":17,"column":5}},"17":{"start":{"line":18,"column":0},"end":{"line":18,"column":0}},"18":{"start":{"line":19,"column":0},"end":{"line":19,"column":36}},"19":{"start":{"line":20,"column":0},"end":{"line":20,"column":70}},"20":{"start":{"line":21,"column":0},"end":{"line":21,"column":5}},"21":{"start":{"line":22,"column":0},"end":{"line":22,"column":18}},"22":{"start":{"line":23,"column":0},"end":{"line":23,"column":5}},"23":{"start":{"line":24,"column":0},"end":{"line":24,"column":99}},"24":{"start":{"line":25,"column":0},"end":{"line":25,"column":28}},"25":{"start":{"line":26,"column":0},"end":{"line":26,"column":2}},"26":{"start":{"line":27,"column":0},"end":{"line":27,"column":47}},"27":{"start":{"line":28,"column":0},"end":{"line":28,"column":53}},"28":{"start":{"line":29,"column":0},"end":{"line":29,"column":53}},"29":{"start":{"line":30,"column":0},"end":{"line":30,"column":35}},"30":{"start":{"line":31,"column":0},"end":{"line":31,"column":2}},"31":{"start":{"line":32,"column":0},"end":{"line":32,"column":32}}},"s":{"0":3,"1":1,"2":1,"3":1,"4":1,"5":1,"6":1,"7":1,"8":5,"9":1,"10":1,"11":5,"12":2,"13":2,"14":1,"15":1,"16":1,"17":1,"18":1,"19":1,"20":8,"21":1,"22":1,"23":1,"24":1,"25":1,"26":1,"27":1,"28":1,"29":1,"30":1,"31":1},"branchMap":{"0":{"type":"branch","line":1,"loc":{"start":{"line":1,"column":0},"end":{"line":29,"column":37}},"locations":[{"start":{"line":1,"column":0},"end":{"line":29,"column":37}}]},"1":{"type":"branch","line":1,"loc":{"start":{"line":1,"column":0},"end":{"line":2,"column":8}},"locations":[{"start":{"line":1,"column":0},"end":{"line":2,"column":8}}]},"2":{"type":"branch","line":4,"loc":{"start":{"line":4,"column":5},"end":{"line":24,"column":41}},"locations":[{"start":{"line":4,"column":5},"end":{"line":24,"column":41}}]},"3":{"type":"branch","line":6,"loc":{"start":{"line":6,"column":13},"end":{"line":20,"column":10}},"locations":[{"start":{"line":6,"column":13},"end":{"line":20,"column":10}}]},"4":{"type":"branch","line":6,"loc":{"start":{"line":6,"column":59},"end":{"line":9,"column":6}},"locations":[{"start":{"line":6,"column":59},"end":{"line":9,"column":6}}]},"5":{"type":"branch","line":9,"loc":{"start":{"line":9,"column":6},"end":{"line":9,"column":35}},"locations":[{"start":{"line":9,"column":6},"end":{"line":9,"column":35}}]},"6":{"type":"branch","line":9,"loc":{"start":{"line":9,"column":35},"end":{"line":11,"column":5}},"locations":[{"start":{"line":9,"column":35},"end":{"line":11,"column":5}}]},"7":{"type":"branch","line":11,"loc":{"start":{"line":11,"column":5},"end":{"line":12,"column":28}},"locations":[{"start":{"line":11,"column":5},"end":{"line":12,"column":28}}]},"8":{"type":"branch","line":12,"loc":{"start":{"line":12,"column":28},"end":{"line":14,"column":5}},"locations":[{"start":{"line":12,"column":28},"end":{"line":14,"column":5}}]},"9":{"type":"branch","line":14,"loc":{"start":{"line":14,"column":5},"end":{"line":20,"column":9}},"locations":[{"start":{"line":14,"column":5},"end":{"line":20,"column":9}}]},"10":{"type":"branch","line":20,"loc":{"start":{"line":20,"column":60},"end":{"line":22,"column":17}},"locations":[{"start":{"line":20,"column":60},"end":{"line":22,"column":17}}]},"11":{"type":"branch","line":24,"loc":{"start":{"line":24,"column":59},"end":{"line":29,"column":2}},"locations":[{"start":{"line":24,"column":59},"end":{"line":29,"column":2}}]}},"b":{"0":[1],"1":[3],"2":[1],"3":[5],"4":[1],"5":[4],"6":[1],"7":[3],"8":[2],"9":[1],"10":[8],"11":[1]},"fnMap":{"0":{"name":"extractData","decl":{"start":{"line":1,"column":0},"end":{"line":2,"column":8}},"loc":{"start":{"line":1,"column":0},"end":{"line":2,"column":8}},"line":1},"1":{"name":"displayDiff","decl":{"start":{"line":4,"column":5},"end":{"line":24,"column":41}},"loc":{"start":{"line":4,"column":5},"end":{"line":24,"column":41}},"line":4},"2":{"name":"gendiff","decl":{"start":{"line":24,"column":59},"end":{"line":29,"column":2}},"loc":{"start":{"line":24,"column":59},"end":{"line":29,"column":2}},"line":24}},"f":{"0":3,"1":1,"2":1}}
}
