{"/Users/andreikhanau/Desktop/frontend-project-lvl2/src/index.js": {"path":"/Users/andreikhanau/Desktop/frontend-project-lvl2/src/index.js","statementMap":{"0":{"start":{"line":1,"column":0},"end":{"line":1,"column":20}},"1":{"start":{"line":2,"column":0},"end":{"line":2,"column":23}},"2":{"start":{"line":3,"column":0},"end":{"line":3,"column":0}},"3":{"start":{"line":4,"column":0},"end":{"line":4,"column":73}},"4":{"start":{"line":5,"column":0},"end":{"line":5,"column":39}},"5":{"start":{"line":6,"column":0},"end":{"line":6,"column":61}},"6":{"start":{"line":7,"column":0},"end":{"line":7,"column":20}},"7":{"start":{"line":8,"column":0},"end":{"line":8,"column":29}},"8":{"start":{"line":9,"column":0},"end":{"line":9,"column":36}},"9":{"start":{"line":10,"column":0},"end":{"line":10,"column":52}},"10":{"start":{"line":11,"column":0},"end":{"line":11,"column":5}},"11":{"start":{"line":12,"column":0},"end":{"line":12,"column":29}},"12":{"start":{"line":13,"column":0},"end":{"line":13,"column":52}},"13":{"start":{"line":14,"column":0},"end":{"line":14,"column":5}},"14":{"start":{"line":15,"column":0},"end":{"line":15,"column":29}},"15":{"start":{"line":16,"column":0},"end":{"line":16,"column":52}},"16":{"start":{"line":17,"column":0},"end":{"line":17,"column":5}},"17":{"start":{"line":18,"column":0},"end":{"line":18,"column":0}},"18":{"start":{"line":19,"column":0},"end":{"line":19,"column":36}},"19":{"start":{"line":20,"column":0},"end":{"line":20,"column":70}},"20":{"start":{"line":21,"column":0},"end":{"line":21,"column":5}},"21":{"start":{"line":22,"column":0},"end":{"line":22,"column":18}},"22":{"start":{"line":23,"column":0},"end":{"line":23,"column":5}},"23":{"start":{"line":24,"column":0},"end":{"line":24,"column":99}},"24":{"start":{"line":25,"column":0},"end":{"line":25,"column":28}},"25":{"start":{"line":26,"column":0},"end":{"line":26,"column":2}},"26":{"start":{"line":27,"column":0},"end":{"line":27,"column":47}},"27":{"start":{"line":28,"column":0},"end":{"line":28,"column":53}},"28":{"start":{"line":29,"column":0},"end":{"line":29,"column":53}},"29":{"start":{"line":30,"column":0},"end":{"line":30,"column":35}},"30":{"start":{"line":31,"column":0},"end":{"line":31,"column":2}},"31":{"start":{"line":32,"column":0},"end":{"line":32,"column":32}}},"s":{"0":3,"1":1,"2":1,"3":1,"4":1,"5":1,"6":1,"7":1,"8":5,"9":5,"10":5,"11":5,"12":5,"13":5,"14":5,"15":5,"16":5,"17":5,"18":5,"19":1,"20":8,"21":8,"22":1,"23":1,"24":1,"25":1,"26":1,"27":1,"28":1,"29":1,"30":1,"31":1},"branchMap":{"0":{"type":"branch","line":32,"loc":{"start":{"line":32,"column":32},"end":{"line":32,"column":32}},"locations":[{"start":{"line":32,"column":32},"end":{"line":32,"column":32}}]},"1":{"type":"branch","line":1,"loc":{"start":{"line":1,"column":0},"end":{"line":2,"column":7}},"locations":[{"start":{"line":1,"column":0},"end":{"line":2,"column":7}}]},"2":{"type":"branch","line":4,"loc":{"start":{"line":4,"column":0},"end":{"line":24,"column":41}},"locations":[{"start":{"line":4,"column":0},"end":{"line":24,"column":41}}]},"3":{"type":"branch","line":6,"loc":{"start":{"line":6,"column":8},"end":{"line":20,"column":12}},"locations":[{"start":{"line":6,"column":8},"end":{"line":20,"column":12}}]},"4":{"type":"branch","line":6,"loc":{"start":{"line":6,"column":46},"end":{"line":9,"column":8}},"locations":[{"start":{"line":6,"column":46},"end":{"line":9,"column":8}}]},"5":{"type":"branch","line":9,"loc":{"start":{"line":9,"column":4},"end":{"line":9,"column":36}},"locations":[{"start":{"line":9,"column":4},"end":{"line":9,"column":36}}]},"6":{"type":"branch","line":32,"loc":{"start":{"line":32,"column":32},"end":{"line":32,"column":32}},"locations":[{"start":{"line":32,"column":32},"end":{"line":32,"column":32}}]},"7":{"type":"branch","line":32,"loc":{"start":{"line":32,"column":32},"end":{"line":32,"column":32}},"locations":[{"start":{"line":32,"column":32},"end":{"line":32,"column":32}}]},"8":{"type":"branch","line":32,"loc":{"start":{"line":32,"column":32},"end":{"line":32,"column":32}},"locations":[{"start":{"line":32,"column":32},"end":{"line":32,"column":32}}]},"9":{"type":"branch","line":32,"loc":{"start":{"line":32,"column":32},"end":{"line":32,"column":32}},"locations":[{"start":{"line":32,"column":32},"end":{"line":32,"column":32}}]},"10":{"type":"branch","line":20,"loc":{"start":{"line":20,"column":61},"end":{"line":22,"column":18}},"locations":[{"start":{"line":20,"column":61},"end":{"line":22,"column":18}}]},"11":{"type":"branch","line":24,"loc":{"start":{"line":24,"column":58},"end":{"line":29,"column":8}},"locations":[{"start":{"line":24,"column":58},"end":{"line":29,"column":8}}]}},"b":{"0":[1],"1":[3],"2":[1],"3":[5],"4":[1],"5":[4],"6":[1],"7":[3],"8":[2],"9":[1],"10":[8],"11":[1]},"fnMap":{"0":{"name":"extractData","decl":{"start":{"line":1,"column":0},"end":{"line":2,"column":7}},"loc":{"start":{"line":1,"column":0},"end":{"line":2,"column":7}},"line":1},"1":{"name":"displayDiff","decl":{"start":{"line":4,"column":0},"end":{"line":24,"column":41}},"loc":{"start":{"line":4,"column":0},"end":{"line":24,"column":41}},"line":4},"2":{"name":"gendiff","decl":{"start":{"line":24,"column":58},"end":{"line":29,"column":8}},"loc":{"start":{"line":24,"column":58},"end":{"line":29,"column":8}},"line":24}},"f":{"0":3,"1":1,"2":1}}
}
