TN:
SF:src/index.js
FN:1,extractData
FN:4,displayDiff
FN:24,gendiff
FNF:3
FNH:3
FNDA:3,extractData
FNDA:1,displayDiff
FNDA:1,gendiff
DA:1,3
DA:2,1
DA:3,1
DA:4,1
DA:5,1
DA:6,1
DA:7,1
DA:8,1
DA:9,5
DA:10,1
DA:11,1
DA:12,5
DA:13,2
DA:14,2
DA:15,1
DA:16,1
DA:17,1
DA:18,1
DA:19,1
DA:20,1
DA:21,8
DA:22,1
DA:23,1
DA:24,1
DA:25,1
DA:26,1
DA:27,1
DA:28,1
DA:29,1
DA:30,1
DA:31,1
DA:32,1
LF:32
LH:32
BRDA:1,0,0,1
BRDA:1,1,0,3
BRDA:4,2,0,1
BRDA:6,3,0,5
BRDA:6,4,0,1
BRDA:9,5,0,4
BRDA:9,6,0,1
BRDA:11,7,0,3
BRDA:12,8,0,2
BRDA:14,9,0,1
BRDA:20,10,0,8
BRDA:24,11,0,1
BRF:12
BRH:12
end_of_record
